ARM GAS  C:\Users\oleku\AppData\Local\Temp\ccYmNsLi.s 			page 1


   1              		.cpu cortex-m4
   2              		.arch armv7e-m
   3              		.fpu fpv4-sp-d16
   4              		.eabi_attribute 27, 1
   5              		.eabi_attribute 28, 1
   6              		.eabi_attribute 20, 1
   7              		.eabi_attribute 21, 1
   8              		.eabi_attribute 23, 3
   9              		.eabi_attribute 24, 1
  10              		.eabi_attribute 25, 1
  11              		.eabi_attribute 26, 1
  12              		.eabi_attribute 30, 1
  13              		.eabi_attribute 34, 1
  14              		.eabi_attribute 18, 4
  15              		.file	"stm32f4xx_hal_msp.c"
  16              		.text
  17              	.Ltext0:
  18              		.cfi_sections	.debug_frame
  19              		.file 1 "Core/Src/stm32f4xx_hal_msp.c"
  20              		.section	.text.HAL_MspInit,"ax",%progbits
  21              		.align	1
  22              		.global	HAL_MspInit
  23              		.syntax unified
  24              		.thumb
  25              		.thumb_func
  27              	HAL_MspInit:
  28              	.LFB224:
   1:Core/Src/stm32f4xx_hal_msp.c **** /* USER CODE BEGIN Header */
   2:Core/Src/stm32f4xx_hal_msp.c **** /**
   3:Core/Src/stm32f4xx_hal_msp.c ****   ******************************************************************************
   4:Core/Src/stm32f4xx_hal_msp.c ****   * @file         stm32f4xx_hal_msp.c
   5:Core/Src/stm32f4xx_hal_msp.c ****   * @brief        This file provides code for the MSP Initialization
   6:Core/Src/stm32f4xx_hal_msp.c ****   *               and de-Initialization codes.
   7:Core/Src/stm32f4xx_hal_msp.c ****   ******************************************************************************
   8:Core/Src/stm32f4xx_hal_msp.c ****   * @attention
   9:Core/Src/stm32f4xx_hal_msp.c ****   *
  10:Core/Src/stm32f4xx_hal_msp.c ****   * Copyright (c) 2023 STMicroelectronics.
  11:Core/Src/stm32f4xx_hal_msp.c ****   * All rights reserved.
  12:Core/Src/stm32f4xx_hal_msp.c ****   *
  13:Core/Src/stm32f4xx_hal_msp.c ****   * This software is licensed under terms that can be found in the LICENSE file
  14:Core/Src/stm32f4xx_hal_msp.c ****   * in the root directory of this software component.
  15:Core/Src/stm32f4xx_hal_msp.c ****   * If no LICENSE file comes with this software, it is provided AS-IS.
  16:Core/Src/stm32f4xx_hal_msp.c ****   *
  17:Core/Src/stm32f4xx_hal_msp.c ****   ******************************************************************************
  18:Core/Src/stm32f4xx_hal_msp.c ****   */
  19:Core/Src/stm32f4xx_hal_msp.c **** /* USER CODE END Header */
  20:Core/Src/stm32f4xx_hal_msp.c **** 
  21:Core/Src/stm32f4xx_hal_msp.c **** /* Includes ------------------------------------------------------------------*/
  22:Core/Src/stm32f4xx_hal_msp.c **** #include "main.h"
  23:Core/Src/stm32f4xx_hal_msp.c **** /* USER CODE BEGIN Includes */
  24:Core/Src/stm32f4xx_hal_msp.c **** 
  25:Core/Src/stm32f4xx_hal_msp.c **** /* USER CODE END Includes */
  26:Core/Src/stm32f4xx_hal_msp.c **** 
  27:Core/Src/stm32f4xx_hal_msp.c **** /* Private typedef -----------------------------------------------------------*/
  28:Core/Src/stm32f4xx_hal_msp.c **** /* USER CODE BEGIN TD */
  29:Core/Src/stm32f4xx_hal_msp.c **** 
  30:Core/Src/stm32f4xx_hal_msp.c **** /* USER CODE END TD */
ARM GAS  C:\Users\oleku\AppData\Local\Temp\ccYmNsLi.s 			page 2


  31:Core/Src/stm32f4xx_hal_msp.c **** 
  32:Core/Src/stm32f4xx_hal_msp.c **** /* Private define ------------------------------------------------------------*/
  33:Core/Src/stm32f4xx_hal_msp.c **** /* USER CODE BEGIN Define */
  34:Core/Src/stm32f4xx_hal_msp.c **** 
  35:Core/Src/stm32f4xx_hal_msp.c **** /* USER CODE END Define */
  36:Core/Src/stm32f4xx_hal_msp.c **** 
  37:Core/Src/stm32f4xx_hal_msp.c **** /* Private macro -------------------------------------------------------------*/
  38:Core/Src/stm32f4xx_hal_msp.c **** /* USER CODE BEGIN Macro */
  39:Core/Src/stm32f4xx_hal_msp.c **** 
  40:Core/Src/stm32f4xx_hal_msp.c **** /* USER CODE END Macro */
  41:Core/Src/stm32f4xx_hal_msp.c **** 
  42:Core/Src/stm32f4xx_hal_msp.c **** /* Private variables ---------------------------------------------------------*/
  43:Core/Src/stm32f4xx_hal_msp.c **** /* USER CODE BEGIN PV */
  44:Core/Src/stm32f4xx_hal_msp.c **** 
  45:Core/Src/stm32f4xx_hal_msp.c **** /* USER CODE END PV */
  46:Core/Src/stm32f4xx_hal_msp.c **** 
  47:Core/Src/stm32f4xx_hal_msp.c **** /* Private function prototypes -----------------------------------------------*/
  48:Core/Src/stm32f4xx_hal_msp.c **** /* USER CODE BEGIN PFP */
  49:Core/Src/stm32f4xx_hal_msp.c **** 
  50:Core/Src/stm32f4xx_hal_msp.c **** /* USER CODE END PFP */
  51:Core/Src/stm32f4xx_hal_msp.c **** 
  52:Core/Src/stm32f4xx_hal_msp.c **** /* External functions --------------------------------------------------------*/
  53:Core/Src/stm32f4xx_hal_msp.c **** /* USER CODE BEGIN ExternalFunctions */
  54:Core/Src/stm32f4xx_hal_msp.c **** 
  55:Core/Src/stm32f4xx_hal_msp.c **** /* USER CODE END ExternalFunctions */
  56:Core/Src/stm32f4xx_hal_msp.c **** 
  57:Core/Src/stm32f4xx_hal_msp.c **** /* USER CODE BEGIN 0 */
  58:Core/Src/stm32f4xx_hal_msp.c **** 
  59:Core/Src/stm32f4xx_hal_msp.c **** /* USER CODE END 0 */
  60:Core/Src/stm32f4xx_hal_msp.c **** 
  61:Core/Src/stm32f4xx_hal_msp.c **** void HAL_TIM_MspPostInit(TIM_HandleTypeDef *htim);
  62:Core/Src/stm32f4xx_hal_msp.c ****                     /**
  63:Core/Src/stm32f4xx_hal_msp.c ****   * Initializes the Global MSP.
  64:Core/Src/stm32f4xx_hal_msp.c ****   */
  65:Core/Src/stm32f4xx_hal_msp.c **** void HAL_MspInit(void)
  66:Core/Src/stm32f4xx_hal_msp.c **** {
  29              		.loc 1 66 1 view -0
  30              		.cfi_startproc
  31              		@ args = 0, pretend = 0, frame = 8
  32              		@ frame_needed = 0, uses_anonymous_args = 0
  33 0000 00B5     		push	{lr}
  34              	.LCFI0:
  35              		.cfi_def_cfa_offset 4
  36              		.cfi_offset 14, -4
  37 0002 83B0     		sub	sp, sp, #12
  38              	.LCFI1:
  39              		.cfi_def_cfa_offset 16
  67:Core/Src/stm32f4xx_hal_msp.c **** 
  68:Core/Src/stm32f4xx_hal_msp.c ****   /* USER CODE BEGIN MspInit 0 */
  69:Core/Src/stm32f4xx_hal_msp.c **** 
  70:Core/Src/stm32f4xx_hal_msp.c ****   /* USER CODE END MspInit 0 */
  71:Core/Src/stm32f4xx_hal_msp.c **** 
  72:Core/Src/stm32f4xx_hal_msp.c ****   __HAL_RCC_SYSCFG_CLK_ENABLE();
  40              		.loc 1 72 3 view .LVU1
  41              	.LBB2:
  42              		.loc 1 72 3 view .LVU2
  43 0004 0022     		movs	r2, #0
ARM GAS  C:\Users\oleku\AppData\Local\Temp\ccYmNsLi.s 			page 3


  44 0006 0092     		str	r2, [sp]
  45              		.loc 1 72 3 view .LVU3
  46 0008 0D4B     		ldr	r3, .L3
  47 000a 596C     		ldr	r1, [r3, #68]
  48 000c 41F48041 		orr	r1, r1, #16384
  49 0010 5964     		str	r1, [r3, #68]
  50              		.loc 1 72 3 view .LVU4
  51 0012 596C     		ldr	r1, [r3, #68]
  52 0014 01F48041 		and	r1, r1, #16384
  53 0018 0091     		str	r1, [sp]
  54              		.loc 1 72 3 view .LVU5
  55 001a 0099     		ldr	r1, [sp]
  56              	.LBE2:
  57              		.loc 1 72 3 view .LVU6
  73:Core/Src/stm32f4xx_hal_msp.c ****   __HAL_RCC_PWR_CLK_ENABLE();
  58              		.loc 1 73 3 view .LVU7
  59              	.LBB3:
  60              		.loc 1 73 3 view .LVU8
  61 001c 0192     		str	r2, [sp, #4]
  62              		.loc 1 73 3 view .LVU9
  63 001e 196C     		ldr	r1, [r3, #64]
  64 0020 41F08051 		orr	r1, r1, #268435456
  65 0024 1964     		str	r1, [r3, #64]
  66              		.loc 1 73 3 view .LVU10
  67 0026 1B6C     		ldr	r3, [r3, #64]
  68 0028 03F08053 		and	r3, r3, #268435456
  69 002c 0193     		str	r3, [sp, #4]
  70              		.loc 1 73 3 view .LVU11
  71 002e 019B     		ldr	r3, [sp, #4]
  72              	.LBE3:
  73              		.loc 1 73 3 view .LVU12
  74:Core/Src/stm32f4xx_hal_msp.c **** 
  75:Core/Src/stm32f4xx_hal_msp.c ****   /* System interrupt init*/
  76:Core/Src/stm32f4xx_hal_msp.c ****   /* PendSV_IRQn interrupt configuration */
  77:Core/Src/stm32f4xx_hal_msp.c ****   HAL_NVIC_SetPriority(PendSV_IRQn, 15, 0);
  74              		.loc 1 77 3 view .LVU13
  75 0030 0F21     		movs	r1, #15
  76 0032 6FF00100 		mvn	r0, #1
  77 0036 FFF7FEFF 		bl	HAL_NVIC_SetPriority
  78              	.LVL0:
  78:Core/Src/stm32f4xx_hal_msp.c **** 
  79:Core/Src/stm32f4xx_hal_msp.c ****   /* USER CODE BEGIN MspInit 1 */
  80:Core/Src/stm32f4xx_hal_msp.c **** 
  81:Core/Src/stm32f4xx_hal_msp.c ****   /* USER CODE END MspInit 1 */
  82:Core/Src/stm32f4xx_hal_msp.c **** }
  79              		.loc 1 82 1 is_stmt 0 view .LVU14
  80 003a 03B0     		add	sp, sp, #12
  81              	.LCFI2:
  82              		.cfi_def_cfa_offset 4
  83              		@ sp needed
  84 003c 5DF804FB 		ldr	pc, [sp], #4
  85              	.L4:
  86              		.align	2
  87              	.L3:
  88 0040 00380240 		.word	1073887232
  89              		.cfi_endproc
  90              	.LFE224:
ARM GAS  C:\Users\oleku\AppData\Local\Temp\ccYmNsLi.s 			page 4


  92              		.section	.text.HAL_ADC_MspInit,"ax",%progbits
  93              		.align	1
  94              		.global	HAL_ADC_MspInit
  95              		.syntax unified
  96              		.thumb
  97              		.thumb_func
  99              	HAL_ADC_MspInit:
 100              	.LVL1:
 101              	.LFB225:
  83:Core/Src/stm32f4xx_hal_msp.c **** 
  84:Core/Src/stm32f4xx_hal_msp.c **** /**
  85:Core/Src/stm32f4xx_hal_msp.c ****   * @brief ADC MSP Initialization
  86:Core/Src/stm32f4xx_hal_msp.c ****   * This function configures the hardware resources used in this example
  87:Core/Src/stm32f4xx_hal_msp.c ****   * @param hadc: ADC handle pointer
  88:Core/Src/stm32f4xx_hal_msp.c ****   * @retval None
  89:Core/Src/stm32f4xx_hal_msp.c ****   */
  90:Core/Src/stm32f4xx_hal_msp.c **** void HAL_ADC_MspInit(ADC_HandleTypeDef* hadc)
  91:Core/Src/stm32f4xx_hal_msp.c **** {
 102              		.loc 1 91 1 is_stmt 1 view -0
 103              		.cfi_startproc
 104              		@ args = 0, pretend = 0, frame = 32
 105              		@ frame_needed = 0, uses_anonymous_args = 0
 106              		.loc 1 91 1 is_stmt 0 view .LVU16
 107 0000 00B5     		push	{lr}
 108              	.LCFI3:
 109              		.cfi_def_cfa_offset 4
 110              		.cfi_offset 14, -4
 111 0002 89B0     		sub	sp, sp, #36
 112              	.LCFI4:
 113              		.cfi_def_cfa_offset 40
  92:Core/Src/stm32f4xx_hal_msp.c ****   GPIO_InitTypeDef GPIO_InitStruct = {0};
 114              		.loc 1 92 3 is_stmt 1 view .LVU17
 115              		.loc 1 92 20 is_stmt 0 view .LVU18
 116 0004 0023     		movs	r3, #0
 117 0006 0393     		str	r3, [sp, #12]
 118 0008 0493     		str	r3, [sp, #16]
 119 000a 0593     		str	r3, [sp, #20]
 120 000c 0693     		str	r3, [sp, #24]
 121 000e 0793     		str	r3, [sp, #28]
  93:Core/Src/stm32f4xx_hal_msp.c ****   if(hadc->Instance==ADC1)
 122              		.loc 1 93 3 is_stmt 1 view .LVU19
 123              		.loc 1 93 10 is_stmt 0 view .LVU20
 124 0010 0268     		ldr	r2, [r0]
 125              		.loc 1 93 5 view .LVU21
 126 0012 03F18043 		add	r3, r3, #1073741824
 127 0016 03F59033 		add	r3, r3, #73728
 128 001a 9A42     		cmp	r2, r3
 129 001c 02D0     		beq	.L8
 130              	.LVL2:
 131              	.L5:
  94:Core/Src/stm32f4xx_hal_msp.c ****   {
  95:Core/Src/stm32f4xx_hal_msp.c ****     /* USER CODE BEGIN ADC1_MspInit 0 */
  96:Core/Src/stm32f4xx_hal_msp.c **** 
  97:Core/Src/stm32f4xx_hal_msp.c ****     /* USER CODE END ADC1_MspInit 0 */
  98:Core/Src/stm32f4xx_hal_msp.c ****     /* Peripheral clock enable */
  99:Core/Src/stm32f4xx_hal_msp.c ****     __HAL_RCC_ADC1_CLK_ENABLE();
 100:Core/Src/stm32f4xx_hal_msp.c **** 
ARM GAS  C:\Users\oleku\AppData\Local\Temp\ccYmNsLi.s 			page 5


 101:Core/Src/stm32f4xx_hal_msp.c ****     __HAL_RCC_GPIOA_CLK_ENABLE();
 102:Core/Src/stm32f4xx_hal_msp.c ****     /**ADC1 GPIO Configuration
 103:Core/Src/stm32f4xx_hal_msp.c ****     PA0-WKUP     ------> ADC1_IN0
 104:Core/Src/stm32f4xx_hal_msp.c ****     */
 105:Core/Src/stm32f4xx_hal_msp.c ****     GPIO_InitStruct.Pin = GPIO_PIN_0;
 106:Core/Src/stm32f4xx_hal_msp.c ****     GPIO_InitStruct.Mode = GPIO_MODE_ANALOG;
 107:Core/Src/stm32f4xx_hal_msp.c ****     GPIO_InitStruct.Pull = GPIO_NOPULL;
 108:Core/Src/stm32f4xx_hal_msp.c ****     HAL_GPIO_Init(GPIOA, &GPIO_InitStruct);
 109:Core/Src/stm32f4xx_hal_msp.c **** 
 110:Core/Src/stm32f4xx_hal_msp.c ****     /* USER CODE BEGIN ADC1_MspInit 1 */
 111:Core/Src/stm32f4xx_hal_msp.c **** 
 112:Core/Src/stm32f4xx_hal_msp.c ****     /* USER CODE END ADC1_MspInit 1 */
 113:Core/Src/stm32f4xx_hal_msp.c **** 
 114:Core/Src/stm32f4xx_hal_msp.c ****   }
 115:Core/Src/stm32f4xx_hal_msp.c **** 
 116:Core/Src/stm32f4xx_hal_msp.c **** }
 132              		.loc 1 116 1 view .LVU22
 133 001e 09B0     		add	sp, sp, #36
 134              	.LCFI5:
 135              		.cfi_remember_state
 136              		.cfi_def_cfa_offset 4
 137              		@ sp needed
 138 0020 5DF804FB 		ldr	pc, [sp], #4
 139              	.LVL3:
 140              	.L8:
 141              	.LCFI6:
 142              		.cfi_restore_state
  99:Core/Src/stm32f4xx_hal_msp.c **** 
 143              		.loc 1 99 5 is_stmt 1 view .LVU23
 144              	.LBB4:
  99:Core/Src/stm32f4xx_hal_msp.c **** 
 145              		.loc 1 99 5 view .LVU24
 146 0024 0021     		movs	r1, #0
 147 0026 0191     		str	r1, [sp, #4]
  99:Core/Src/stm32f4xx_hal_msp.c **** 
 148              		.loc 1 99 5 view .LVU25
 149 0028 03F58C33 		add	r3, r3, #71680
 150 002c 5A6C     		ldr	r2, [r3, #68]
 151 002e 42F48072 		orr	r2, r2, #256
 152 0032 5A64     		str	r2, [r3, #68]
  99:Core/Src/stm32f4xx_hal_msp.c **** 
 153              		.loc 1 99 5 view .LVU26
 154 0034 5A6C     		ldr	r2, [r3, #68]
 155 0036 02F48072 		and	r2, r2, #256
 156 003a 0192     		str	r2, [sp, #4]
  99:Core/Src/stm32f4xx_hal_msp.c **** 
 157              		.loc 1 99 5 view .LVU27
 158 003c 019A     		ldr	r2, [sp, #4]
 159              	.LBE4:
  99:Core/Src/stm32f4xx_hal_msp.c **** 
 160              		.loc 1 99 5 view .LVU28
 101:Core/Src/stm32f4xx_hal_msp.c ****     /**ADC1 GPIO Configuration
 161              		.loc 1 101 5 view .LVU29
 162              	.LBB5:
 101:Core/Src/stm32f4xx_hal_msp.c ****     /**ADC1 GPIO Configuration
 163              		.loc 1 101 5 view .LVU30
 164 003e 0291     		str	r1, [sp, #8]
ARM GAS  C:\Users\oleku\AppData\Local\Temp\ccYmNsLi.s 			page 6


 101:Core/Src/stm32f4xx_hal_msp.c ****     /**ADC1 GPIO Configuration
 165              		.loc 1 101 5 view .LVU31
 166 0040 1A6B     		ldr	r2, [r3, #48]
 167 0042 42F00102 		orr	r2, r2, #1
 168 0046 1A63     		str	r2, [r3, #48]
 101:Core/Src/stm32f4xx_hal_msp.c ****     /**ADC1 GPIO Configuration
 169              		.loc 1 101 5 view .LVU32
 170 0048 1B6B     		ldr	r3, [r3, #48]
 171 004a 03F00103 		and	r3, r3, #1
 172 004e 0293     		str	r3, [sp, #8]
 101:Core/Src/stm32f4xx_hal_msp.c ****     /**ADC1 GPIO Configuration
 173              		.loc 1 101 5 view .LVU33
 174 0050 029B     		ldr	r3, [sp, #8]
 175              	.LBE5:
 101:Core/Src/stm32f4xx_hal_msp.c ****     /**ADC1 GPIO Configuration
 176              		.loc 1 101 5 view .LVU34
 105:Core/Src/stm32f4xx_hal_msp.c ****     GPIO_InitStruct.Mode = GPIO_MODE_ANALOG;
 177              		.loc 1 105 5 view .LVU35
 105:Core/Src/stm32f4xx_hal_msp.c ****     GPIO_InitStruct.Mode = GPIO_MODE_ANALOG;
 178              		.loc 1 105 25 is_stmt 0 view .LVU36
 179 0052 0123     		movs	r3, #1
 180 0054 0393     		str	r3, [sp, #12]
 106:Core/Src/stm32f4xx_hal_msp.c ****     GPIO_InitStruct.Pull = GPIO_NOPULL;
 181              		.loc 1 106 5 is_stmt 1 view .LVU37
 106:Core/Src/stm32f4xx_hal_msp.c ****     GPIO_InitStruct.Pull = GPIO_NOPULL;
 182              		.loc 1 106 26 is_stmt 0 view .LVU38
 183 0056 0323     		movs	r3, #3
 184 0058 0493     		str	r3, [sp, #16]
 107:Core/Src/stm32f4xx_hal_msp.c ****     HAL_GPIO_Init(GPIOA, &GPIO_InitStruct);
 185              		.loc 1 107 5 is_stmt 1 view .LVU39
 108:Core/Src/stm32f4xx_hal_msp.c **** 
 186              		.loc 1 108 5 view .LVU40
 187 005a 03A9     		add	r1, sp, #12
 188 005c 0148     		ldr	r0, .L9
 189              	.LVL4:
 108:Core/Src/stm32f4xx_hal_msp.c **** 
 190              		.loc 1 108 5 is_stmt 0 view .LVU41
 191 005e FFF7FEFF 		bl	HAL_GPIO_Init
 192              	.LVL5:
 193              		.loc 1 116 1 view .LVU42
 194 0062 DCE7     		b	.L5
 195              	.L10:
 196              		.align	2
 197              	.L9:
 198 0064 00000240 		.word	1073872896
 199              		.cfi_endproc
 200              	.LFE225:
 202              		.section	.text.HAL_ADC_MspDeInit,"ax",%progbits
 203              		.align	1
 204              		.global	HAL_ADC_MspDeInit
 205              		.syntax unified
 206              		.thumb
 207              		.thumb_func
 209              	HAL_ADC_MspDeInit:
 210              	.LVL6:
 211              	.LFB226:
 117:Core/Src/stm32f4xx_hal_msp.c **** 
ARM GAS  C:\Users\oleku\AppData\Local\Temp\ccYmNsLi.s 			page 7


 118:Core/Src/stm32f4xx_hal_msp.c **** /**
 119:Core/Src/stm32f4xx_hal_msp.c ****   * @brief ADC MSP De-Initialization
 120:Core/Src/stm32f4xx_hal_msp.c ****   * This function freeze the hardware resources used in this example
 121:Core/Src/stm32f4xx_hal_msp.c ****   * @param hadc: ADC handle pointer
 122:Core/Src/stm32f4xx_hal_msp.c ****   * @retval None
 123:Core/Src/stm32f4xx_hal_msp.c ****   */
 124:Core/Src/stm32f4xx_hal_msp.c **** void HAL_ADC_MspDeInit(ADC_HandleTypeDef* hadc)
 125:Core/Src/stm32f4xx_hal_msp.c **** {
 212              		.loc 1 125 1 is_stmt 1 view -0
 213              		.cfi_startproc
 214              		@ args = 0, pretend = 0, frame = 0
 215              		@ frame_needed = 0, uses_anonymous_args = 0
 216              		.loc 1 125 1 is_stmt 0 view .LVU44
 217 0000 08B5     		push	{r3, lr}
 218              	.LCFI7:
 219              		.cfi_def_cfa_offset 8
 220              		.cfi_offset 3, -8
 221              		.cfi_offset 14, -4
 126:Core/Src/stm32f4xx_hal_msp.c ****   if(hadc->Instance==ADC1)
 222              		.loc 1 126 3 is_stmt 1 view .LVU45
 223              		.loc 1 126 10 is_stmt 0 view .LVU46
 224 0002 0268     		ldr	r2, [r0]
 225              		.loc 1 126 5 view .LVU47
 226 0004 064B     		ldr	r3, .L15
 227 0006 9A42     		cmp	r2, r3
 228 0008 00D0     		beq	.L14
 229              	.LVL7:
 230              	.L11:
 127:Core/Src/stm32f4xx_hal_msp.c ****   {
 128:Core/Src/stm32f4xx_hal_msp.c ****     /* USER CODE BEGIN ADC1_MspDeInit 0 */
 129:Core/Src/stm32f4xx_hal_msp.c **** 
 130:Core/Src/stm32f4xx_hal_msp.c ****     /* USER CODE END ADC1_MspDeInit 0 */
 131:Core/Src/stm32f4xx_hal_msp.c ****     /* Peripheral clock disable */
 132:Core/Src/stm32f4xx_hal_msp.c ****     __HAL_RCC_ADC1_CLK_DISABLE();
 133:Core/Src/stm32f4xx_hal_msp.c **** 
 134:Core/Src/stm32f4xx_hal_msp.c ****     /**ADC1 GPIO Configuration
 135:Core/Src/stm32f4xx_hal_msp.c ****     PA0-WKUP     ------> ADC1_IN0
 136:Core/Src/stm32f4xx_hal_msp.c ****     */
 137:Core/Src/stm32f4xx_hal_msp.c ****     HAL_GPIO_DeInit(GPIOA, GPIO_PIN_0);
 138:Core/Src/stm32f4xx_hal_msp.c **** 
 139:Core/Src/stm32f4xx_hal_msp.c ****     /* USER CODE BEGIN ADC1_MspDeInit 1 */
 140:Core/Src/stm32f4xx_hal_msp.c **** 
 141:Core/Src/stm32f4xx_hal_msp.c ****     /* USER CODE END ADC1_MspDeInit 1 */
 142:Core/Src/stm32f4xx_hal_msp.c ****   }
 143:Core/Src/stm32f4xx_hal_msp.c **** 
 144:Core/Src/stm32f4xx_hal_msp.c **** }
 231              		.loc 1 144 1 view .LVU48
 232 000a 08BD     		pop	{r3, pc}
 233              	.LVL8:
 234              	.L14:
 132:Core/Src/stm32f4xx_hal_msp.c **** 
 235              		.loc 1 132 5 is_stmt 1 view .LVU49
 236 000c 054A     		ldr	r2, .L15+4
 237 000e 536C     		ldr	r3, [r2, #68]
 238 0010 23F48073 		bic	r3, r3, #256
 239 0014 5364     		str	r3, [r2, #68]
 137:Core/Src/stm32f4xx_hal_msp.c **** 
ARM GAS  C:\Users\oleku\AppData\Local\Temp\ccYmNsLi.s 			page 8


 240              		.loc 1 137 5 view .LVU50
 241 0016 0121     		movs	r1, #1
 242 0018 0348     		ldr	r0, .L15+8
 243              	.LVL9:
 137:Core/Src/stm32f4xx_hal_msp.c **** 
 244              		.loc 1 137 5 is_stmt 0 view .LVU51
 245 001a FFF7FEFF 		bl	HAL_GPIO_DeInit
 246              	.LVL10:
 247              		.loc 1 144 1 view .LVU52
 248 001e F4E7     		b	.L11
 249              	.L16:
 250              		.align	2
 251              	.L15:
 252 0020 00200140 		.word	1073815552
 253 0024 00380240 		.word	1073887232
 254 0028 00000240 		.word	1073872896
 255              		.cfi_endproc
 256              	.LFE226:
 258              		.section	.text.HAL_I2C_MspInit,"ax",%progbits
 259              		.align	1
 260              		.global	HAL_I2C_MspInit
 261              		.syntax unified
 262              		.thumb
 263              		.thumb_func
 265              	HAL_I2C_MspInit:
 266              	.LVL11:
 267              	.LFB227:
 145:Core/Src/stm32f4xx_hal_msp.c **** 
 146:Core/Src/stm32f4xx_hal_msp.c **** /**
 147:Core/Src/stm32f4xx_hal_msp.c ****   * @brief I2C MSP Initialization
 148:Core/Src/stm32f4xx_hal_msp.c ****   * This function configures the hardware resources used in this example
 149:Core/Src/stm32f4xx_hal_msp.c ****   * @param hi2c: I2C handle pointer
 150:Core/Src/stm32f4xx_hal_msp.c ****   * @retval None
 151:Core/Src/stm32f4xx_hal_msp.c ****   */
 152:Core/Src/stm32f4xx_hal_msp.c **** void HAL_I2C_MspInit(I2C_HandleTypeDef* hi2c)
 153:Core/Src/stm32f4xx_hal_msp.c **** {
 268              		.loc 1 153 1 is_stmt 1 view -0
 269              		.cfi_startproc
 270              		@ args = 0, pretend = 0, frame = 32
 271              		@ frame_needed = 0, uses_anonymous_args = 0
 272              		.loc 1 153 1 is_stmt 0 view .LVU54
 273 0000 30B5     		push	{r4, r5, lr}
 274              	.LCFI8:
 275              		.cfi_def_cfa_offset 12
 276              		.cfi_offset 4, -12
 277              		.cfi_offset 5, -8
 278              		.cfi_offset 14, -4
 279 0002 89B0     		sub	sp, sp, #36
 280              	.LCFI9:
 281              		.cfi_def_cfa_offset 48
 154:Core/Src/stm32f4xx_hal_msp.c ****   GPIO_InitTypeDef GPIO_InitStruct = {0};
 282              		.loc 1 154 3 is_stmt 1 view .LVU55
 283              		.loc 1 154 20 is_stmt 0 view .LVU56
 284 0004 0023     		movs	r3, #0
 285 0006 0393     		str	r3, [sp, #12]
 286 0008 0493     		str	r3, [sp, #16]
 287 000a 0593     		str	r3, [sp, #20]
ARM GAS  C:\Users\oleku\AppData\Local\Temp\ccYmNsLi.s 			page 9


 288 000c 0693     		str	r3, [sp, #24]
 289 000e 0793     		str	r3, [sp, #28]
 155:Core/Src/stm32f4xx_hal_msp.c ****   if(hi2c->Instance==I2C1)
 290              		.loc 1 155 3 is_stmt 1 view .LVU57
 291              		.loc 1 155 10 is_stmt 0 view .LVU58
 292 0010 0268     		ldr	r2, [r0]
 293              		.loc 1 155 5 view .LVU59
 294 0012 144B     		ldr	r3, .L21
 295 0014 9A42     		cmp	r2, r3
 296 0016 01D0     		beq	.L20
 297              	.LVL12:
 298              	.L17:
 156:Core/Src/stm32f4xx_hal_msp.c ****   {
 157:Core/Src/stm32f4xx_hal_msp.c ****     /* USER CODE BEGIN I2C1_MspInit 0 */
 158:Core/Src/stm32f4xx_hal_msp.c **** 
 159:Core/Src/stm32f4xx_hal_msp.c ****     /* USER CODE END I2C1_MspInit 0 */
 160:Core/Src/stm32f4xx_hal_msp.c **** 
 161:Core/Src/stm32f4xx_hal_msp.c ****     __HAL_RCC_GPIOB_CLK_ENABLE();
 162:Core/Src/stm32f4xx_hal_msp.c ****     /**I2C1 GPIO Configuration
 163:Core/Src/stm32f4xx_hal_msp.c ****     PB6     ------> I2C1_SCL
 164:Core/Src/stm32f4xx_hal_msp.c ****     PB7     ------> I2C1_SDA
 165:Core/Src/stm32f4xx_hal_msp.c ****     */
 166:Core/Src/stm32f4xx_hal_msp.c ****     GPIO_InitStruct.Pin = GPIO_PIN_6|GPIO_PIN_7;
 167:Core/Src/stm32f4xx_hal_msp.c ****     GPIO_InitStruct.Mode = GPIO_MODE_AF_OD;
 168:Core/Src/stm32f4xx_hal_msp.c ****     GPIO_InitStruct.Pull = GPIO_NOPULL;
 169:Core/Src/stm32f4xx_hal_msp.c ****     GPIO_InitStruct.Speed = GPIO_SPEED_FREQ_VERY_HIGH;
 170:Core/Src/stm32f4xx_hal_msp.c ****     GPIO_InitStruct.Alternate = GPIO_AF4_I2C1;
 171:Core/Src/stm32f4xx_hal_msp.c ****     HAL_GPIO_Init(GPIOB, &GPIO_InitStruct);
 172:Core/Src/stm32f4xx_hal_msp.c **** 
 173:Core/Src/stm32f4xx_hal_msp.c ****     /* Peripheral clock enable */
 174:Core/Src/stm32f4xx_hal_msp.c ****     __HAL_RCC_I2C1_CLK_ENABLE();
 175:Core/Src/stm32f4xx_hal_msp.c ****     /* USER CODE BEGIN I2C1_MspInit 1 */
 176:Core/Src/stm32f4xx_hal_msp.c **** 
 177:Core/Src/stm32f4xx_hal_msp.c ****     /* USER CODE END I2C1_MspInit 1 */
 178:Core/Src/stm32f4xx_hal_msp.c **** 
 179:Core/Src/stm32f4xx_hal_msp.c ****   }
 180:Core/Src/stm32f4xx_hal_msp.c **** 
 181:Core/Src/stm32f4xx_hal_msp.c **** }
 299              		.loc 1 181 1 view .LVU60
 300 0018 09B0     		add	sp, sp, #36
 301              	.LCFI10:
 302              		.cfi_remember_state
 303              		.cfi_def_cfa_offset 12
 304              		@ sp needed
 305 001a 30BD     		pop	{r4, r5, pc}
 306              	.LVL13:
 307              	.L20:
 308              	.LCFI11:
 309              		.cfi_restore_state
 161:Core/Src/stm32f4xx_hal_msp.c ****     /**I2C1 GPIO Configuration
 310              		.loc 1 161 5 is_stmt 1 view .LVU61
 311              	.LBB6:
 161:Core/Src/stm32f4xx_hal_msp.c ****     /**I2C1 GPIO Configuration
 312              		.loc 1 161 5 view .LVU62
 313 001c 0025     		movs	r5, #0
 314 001e 0195     		str	r5, [sp, #4]
 161:Core/Src/stm32f4xx_hal_msp.c ****     /**I2C1 GPIO Configuration
ARM GAS  C:\Users\oleku\AppData\Local\Temp\ccYmNsLi.s 			page 10


 315              		.loc 1 161 5 view .LVU63
 316 0020 114C     		ldr	r4, .L21+4
 317 0022 236B     		ldr	r3, [r4, #48]
 318 0024 43F00203 		orr	r3, r3, #2
 319 0028 2363     		str	r3, [r4, #48]
 161:Core/Src/stm32f4xx_hal_msp.c ****     /**I2C1 GPIO Configuration
 320              		.loc 1 161 5 view .LVU64
 321 002a 236B     		ldr	r3, [r4, #48]
 322 002c 03F00203 		and	r3, r3, #2
 323 0030 0193     		str	r3, [sp, #4]
 161:Core/Src/stm32f4xx_hal_msp.c ****     /**I2C1 GPIO Configuration
 324              		.loc 1 161 5 view .LVU65
 325 0032 019B     		ldr	r3, [sp, #4]
 326              	.LBE6:
 161:Core/Src/stm32f4xx_hal_msp.c ****     /**I2C1 GPIO Configuration
 327              		.loc 1 161 5 view .LVU66
 166:Core/Src/stm32f4xx_hal_msp.c ****     GPIO_InitStruct.Mode = GPIO_MODE_AF_OD;
 328              		.loc 1 166 5 view .LVU67
 166:Core/Src/stm32f4xx_hal_msp.c ****     GPIO_InitStruct.Mode = GPIO_MODE_AF_OD;
 329              		.loc 1 166 25 is_stmt 0 view .LVU68
 330 0034 C023     		movs	r3, #192
 331 0036 0393     		str	r3, [sp, #12]
 167:Core/Src/stm32f4xx_hal_msp.c ****     GPIO_InitStruct.Pull = GPIO_NOPULL;
 332              		.loc 1 167 5 is_stmt 1 view .LVU69
 167:Core/Src/stm32f4xx_hal_msp.c ****     GPIO_InitStruct.Pull = GPIO_NOPULL;
 333              		.loc 1 167 26 is_stmt 0 view .LVU70
 334 0038 1223     		movs	r3, #18
 335 003a 0493     		str	r3, [sp, #16]
 168:Core/Src/stm32f4xx_hal_msp.c ****     GPIO_InitStruct.Speed = GPIO_SPEED_FREQ_VERY_HIGH;
 336              		.loc 1 168 5 is_stmt 1 view .LVU71
 169:Core/Src/stm32f4xx_hal_msp.c ****     GPIO_InitStruct.Alternate = GPIO_AF4_I2C1;
 337              		.loc 1 169 5 view .LVU72
 169:Core/Src/stm32f4xx_hal_msp.c ****     GPIO_InitStruct.Alternate = GPIO_AF4_I2C1;
 338              		.loc 1 169 27 is_stmt 0 view .LVU73
 339 003c 0323     		movs	r3, #3
 340 003e 0693     		str	r3, [sp, #24]
 170:Core/Src/stm32f4xx_hal_msp.c ****     HAL_GPIO_Init(GPIOB, &GPIO_InitStruct);
 341              		.loc 1 170 5 is_stmt 1 view .LVU74
 170:Core/Src/stm32f4xx_hal_msp.c ****     HAL_GPIO_Init(GPIOB, &GPIO_InitStruct);
 342              		.loc 1 170 31 is_stmt 0 view .LVU75
 343 0040 0423     		movs	r3, #4
 344 0042 0793     		str	r3, [sp, #28]
 171:Core/Src/stm32f4xx_hal_msp.c **** 
 345              		.loc 1 171 5 is_stmt 1 view .LVU76
 346 0044 03A9     		add	r1, sp, #12
 347 0046 0948     		ldr	r0, .L21+8
 348              	.LVL14:
 171:Core/Src/stm32f4xx_hal_msp.c **** 
 349              		.loc 1 171 5 is_stmt 0 view .LVU77
 350 0048 FFF7FEFF 		bl	HAL_GPIO_Init
 351              	.LVL15:
 174:Core/Src/stm32f4xx_hal_msp.c ****     /* USER CODE BEGIN I2C1_MspInit 1 */
 352              		.loc 1 174 5 is_stmt 1 view .LVU78
 353              	.LBB7:
 174:Core/Src/stm32f4xx_hal_msp.c ****     /* USER CODE BEGIN I2C1_MspInit 1 */
 354              		.loc 1 174 5 view .LVU79
 355 004c 0295     		str	r5, [sp, #8]
ARM GAS  C:\Users\oleku\AppData\Local\Temp\ccYmNsLi.s 			page 11


 174:Core/Src/stm32f4xx_hal_msp.c ****     /* USER CODE BEGIN I2C1_MspInit 1 */
 356              		.loc 1 174 5 view .LVU80
 357 004e 236C     		ldr	r3, [r4, #64]
 358 0050 43F40013 		orr	r3, r3, #2097152
 359 0054 2364     		str	r3, [r4, #64]
 174:Core/Src/stm32f4xx_hal_msp.c ****     /* USER CODE BEGIN I2C1_MspInit 1 */
 360              		.loc 1 174 5 view .LVU81
 361 0056 236C     		ldr	r3, [r4, #64]
 362 0058 03F40013 		and	r3, r3, #2097152
 363 005c 0293     		str	r3, [sp, #8]
 174:Core/Src/stm32f4xx_hal_msp.c ****     /* USER CODE BEGIN I2C1_MspInit 1 */
 364              		.loc 1 174 5 view .LVU82
 365 005e 029B     		ldr	r3, [sp, #8]
 366              	.LBE7:
 174:Core/Src/stm32f4xx_hal_msp.c ****     /* USER CODE BEGIN I2C1_MspInit 1 */
 367              		.loc 1 174 5 discriminator 1 view .LVU83
 368              		.loc 1 181 1 is_stmt 0 view .LVU84
 369 0060 DAE7     		b	.L17
 370              	.L22:
 371 0062 00BF     		.align	2
 372              	.L21:
 373 0064 00540040 		.word	1073763328
 374 0068 00380240 		.word	1073887232
 375 006c 00040240 		.word	1073873920
 376              		.cfi_endproc
 377              	.LFE227:
 379              		.section	.text.HAL_I2C_MspDeInit,"ax",%progbits
 380              		.align	1
 381              		.global	HAL_I2C_MspDeInit
 382              		.syntax unified
 383              		.thumb
 384              		.thumb_func
 386              	HAL_I2C_MspDeInit:
 387              	.LVL16:
 388              	.LFB228:
 182:Core/Src/stm32f4xx_hal_msp.c **** 
 183:Core/Src/stm32f4xx_hal_msp.c **** /**
 184:Core/Src/stm32f4xx_hal_msp.c ****   * @brief I2C MSP De-Initialization
 185:Core/Src/stm32f4xx_hal_msp.c ****   * This function freeze the hardware resources used in this example
 186:Core/Src/stm32f4xx_hal_msp.c ****   * @param hi2c: I2C handle pointer
 187:Core/Src/stm32f4xx_hal_msp.c ****   * @retval None
 188:Core/Src/stm32f4xx_hal_msp.c ****   */
 189:Core/Src/stm32f4xx_hal_msp.c **** void HAL_I2C_MspDeInit(I2C_HandleTypeDef* hi2c)
 190:Core/Src/stm32f4xx_hal_msp.c **** {
 389              		.loc 1 190 1 is_stmt 1 view -0
 390              		.cfi_startproc
 391              		@ args = 0, pretend = 0, frame = 0
 392              		@ frame_needed = 0, uses_anonymous_args = 0
 191:Core/Src/stm32f4xx_hal_msp.c ****   if(hi2c->Instance==I2C1)
 393              		.loc 1 191 3 view .LVU86
 394              		.loc 1 191 10 is_stmt 0 view .LVU87
 395 0000 0268     		ldr	r2, [r0]
 396              		.loc 1 191 5 view .LVU88
 397 0002 0A4B     		ldr	r3, .L30
 398 0004 9A42     		cmp	r2, r3
 399 0006 00D0     		beq	.L29
 400 0008 7047     		bx	lr
ARM GAS  C:\Users\oleku\AppData\Local\Temp\ccYmNsLi.s 			page 12


 401              	.L29:
 190:Core/Src/stm32f4xx_hal_msp.c ****   if(hi2c->Instance==I2C1)
 402              		.loc 1 190 1 view .LVU89
 403 000a 10B5     		push	{r4, lr}
 404              	.LCFI12:
 405              		.cfi_def_cfa_offset 8
 406              		.cfi_offset 4, -8
 407              		.cfi_offset 14, -4
 192:Core/Src/stm32f4xx_hal_msp.c ****   {
 193:Core/Src/stm32f4xx_hal_msp.c ****     /* USER CODE BEGIN I2C1_MspDeInit 0 */
 194:Core/Src/stm32f4xx_hal_msp.c **** 
 195:Core/Src/stm32f4xx_hal_msp.c ****     /* USER CODE END I2C1_MspDeInit 0 */
 196:Core/Src/stm32f4xx_hal_msp.c ****     /* Peripheral clock disable */
 197:Core/Src/stm32f4xx_hal_msp.c ****     __HAL_RCC_I2C1_CLK_DISABLE();
 408              		.loc 1 197 5 is_stmt 1 view .LVU90
 409 000c 084A     		ldr	r2, .L30+4
 410 000e 136C     		ldr	r3, [r2, #64]
 411 0010 23F40013 		bic	r3, r3, #2097152
 412 0014 1364     		str	r3, [r2, #64]
 198:Core/Src/stm32f4xx_hal_msp.c **** 
 199:Core/Src/stm32f4xx_hal_msp.c ****     /**I2C1 GPIO Configuration
 200:Core/Src/stm32f4xx_hal_msp.c ****     PB6     ------> I2C1_SCL
 201:Core/Src/stm32f4xx_hal_msp.c ****     PB7     ------> I2C1_SDA
 202:Core/Src/stm32f4xx_hal_msp.c ****     */
 203:Core/Src/stm32f4xx_hal_msp.c ****     HAL_GPIO_DeInit(GPIOB, GPIO_PIN_6);
 413              		.loc 1 203 5 view .LVU91
 414 0016 074C     		ldr	r4, .L30+8
 415 0018 4021     		movs	r1, #64
 416 001a 2046     		mov	r0, r4
 417              	.LVL17:
 418              		.loc 1 203 5 is_stmt 0 view .LVU92
 419 001c FFF7FEFF 		bl	HAL_GPIO_DeInit
 420              	.LVL18:
 204:Core/Src/stm32f4xx_hal_msp.c **** 
 205:Core/Src/stm32f4xx_hal_msp.c ****     HAL_GPIO_DeInit(GPIOB, GPIO_PIN_7);
 421              		.loc 1 205 5 is_stmt 1 view .LVU93
 422 0020 8021     		movs	r1, #128
 423 0022 2046     		mov	r0, r4
 424 0024 FFF7FEFF 		bl	HAL_GPIO_DeInit
 425              	.LVL19:
 206:Core/Src/stm32f4xx_hal_msp.c **** 
 207:Core/Src/stm32f4xx_hal_msp.c ****     /* USER CODE BEGIN I2C1_MspDeInit 1 */
 208:Core/Src/stm32f4xx_hal_msp.c **** 
 209:Core/Src/stm32f4xx_hal_msp.c ****     /* USER CODE END I2C1_MspDeInit 1 */
 210:Core/Src/stm32f4xx_hal_msp.c ****   }
 211:Core/Src/stm32f4xx_hal_msp.c **** 
 212:Core/Src/stm32f4xx_hal_msp.c **** }
 426              		.loc 1 212 1 is_stmt 0 view .LVU94
 427 0028 10BD     		pop	{r4, pc}
 428              	.L31:
 429 002a 00BF     		.align	2
 430              	.L30:
 431 002c 00540040 		.word	1073763328
 432 0030 00380240 		.word	1073887232
 433 0034 00040240 		.word	1073873920
 434              		.cfi_endproc
 435              	.LFE228:
ARM GAS  C:\Users\oleku\AppData\Local\Temp\ccYmNsLi.s 			page 13


 437              		.section	.text.HAL_TIM_Base_MspInit,"ax",%progbits
 438              		.align	1
 439              		.global	HAL_TIM_Base_MspInit
 440              		.syntax unified
 441              		.thumb
 442              		.thumb_func
 444              	HAL_TIM_Base_MspInit:
 445              	.LVL20:
 446              	.LFB229:
 213:Core/Src/stm32f4xx_hal_msp.c **** 
 214:Core/Src/stm32f4xx_hal_msp.c **** /**
 215:Core/Src/stm32f4xx_hal_msp.c ****   * @brief TIM_Base MSP Initialization
 216:Core/Src/stm32f4xx_hal_msp.c ****   * This function configures the hardware resources used in this example
 217:Core/Src/stm32f4xx_hal_msp.c ****   * @param htim_base: TIM_Base handle pointer
 218:Core/Src/stm32f4xx_hal_msp.c ****   * @retval None
 219:Core/Src/stm32f4xx_hal_msp.c ****   */
 220:Core/Src/stm32f4xx_hal_msp.c **** void HAL_TIM_Base_MspInit(TIM_HandleTypeDef* htim_base)
 221:Core/Src/stm32f4xx_hal_msp.c **** {
 447              		.loc 1 221 1 is_stmt 1 view -0
 448              		.cfi_startproc
 449              		@ args = 0, pretend = 0, frame = 8
 450              		@ frame_needed = 0, uses_anonymous_args = 0
 451              		@ link register save eliminated.
 222:Core/Src/stm32f4xx_hal_msp.c ****   if(htim_base->Instance==TIM2)
 452              		.loc 1 222 3 view .LVU96
 453              		.loc 1 222 15 is_stmt 0 view .LVU97
 454 0000 0368     		ldr	r3, [r0]
 455              		.loc 1 222 5 view .LVU98
 456 0002 B3F1804F 		cmp	r3, #1073741824
 457 0006 00D0     		beq	.L38
 458 0008 7047     		bx	lr
 459              	.L38:
 221:Core/Src/stm32f4xx_hal_msp.c ****   if(htim_base->Instance==TIM2)
 460              		.loc 1 221 1 view .LVU99
 461 000a 82B0     		sub	sp, sp, #8
 462              	.LCFI13:
 463              		.cfi_def_cfa_offset 8
 223:Core/Src/stm32f4xx_hal_msp.c ****   {
 224:Core/Src/stm32f4xx_hal_msp.c ****     /* USER CODE BEGIN TIM2_MspInit 0 */
 225:Core/Src/stm32f4xx_hal_msp.c **** 
 226:Core/Src/stm32f4xx_hal_msp.c ****     /* USER CODE END TIM2_MspInit 0 */
 227:Core/Src/stm32f4xx_hal_msp.c ****     /* Peripheral clock enable */
 228:Core/Src/stm32f4xx_hal_msp.c ****     __HAL_RCC_TIM2_CLK_ENABLE();
 464              		.loc 1 228 5 is_stmt 1 view .LVU100
 465              	.LBB8:
 466              		.loc 1 228 5 view .LVU101
 467 000c 0023     		movs	r3, #0
 468 000e 0193     		str	r3, [sp, #4]
 469              		.loc 1 228 5 view .LVU102
 470 0010 054B     		ldr	r3, .L39
 471 0012 1A6C     		ldr	r2, [r3, #64]
 472 0014 42F00102 		orr	r2, r2, #1
 473 0018 1A64     		str	r2, [r3, #64]
 474              		.loc 1 228 5 view .LVU103
 475 001a 1B6C     		ldr	r3, [r3, #64]
 476 001c 03F00103 		and	r3, r3, #1
 477 0020 0193     		str	r3, [sp, #4]
ARM GAS  C:\Users\oleku\AppData\Local\Temp\ccYmNsLi.s 			page 14


 478              		.loc 1 228 5 view .LVU104
 479 0022 019B     		ldr	r3, [sp, #4]
 480              	.LBE8:
 481              		.loc 1 228 5 discriminator 1 view .LVU105
 229:Core/Src/stm32f4xx_hal_msp.c ****     /* USER CODE BEGIN TIM2_MspInit 1 */
 230:Core/Src/stm32f4xx_hal_msp.c **** 
 231:Core/Src/stm32f4xx_hal_msp.c ****     /* USER CODE END TIM2_MspInit 1 */
 232:Core/Src/stm32f4xx_hal_msp.c **** 
 233:Core/Src/stm32f4xx_hal_msp.c ****   }
 234:Core/Src/stm32f4xx_hal_msp.c **** 
 235:Core/Src/stm32f4xx_hal_msp.c **** }
 482              		.loc 1 235 1 is_stmt 0 view .LVU106
 483 0024 02B0     		add	sp, sp, #8
 484              	.LCFI14:
 485              		.cfi_def_cfa_offset 0
 486              		@ sp needed
 487 0026 7047     		bx	lr
 488              	.L40:
 489              		.align	2
 490              	.L39:
 491 0028 00380240 		.word	1073887232
 492              		.cfi_endproc
 493              	.LFE229:
 495              		.section	.text.HAL_TIM_MspPostInit,"ax",%progbits
 496              		.align	1
 497              		.global	HAL_TIM_MspPostInit
 498              		.syntax unified
 499              		.thumb
 500              		.thumb_func
 502              	HAL_TIM_MspPostInit:
 503              	.LVL21:
 504              	.LFB230:
 236:Core/Src/stm32f4xx_hal_msp.c **** 
 237:Core/Src/stm32f4xx_hal_msp.c **** void HAL_TIM_MspPostInit(TIM_HandleTypeDef* htim)
 238:Core/Src/stm32f4xx_hal_msp.c **** {
 505              		.loc 1 238 1 is_stmt 1 view -0
 506              		.cfi_startproc
 507              		@ args = 0, pretend = 0, frame = 24
 508              		@ frame_needed = 0, uses_anonymous_args = 0
 509              		.loc 1 238 1 is_stmt 0 view .LVU108
 510 0000 00B5     		push	{lr}
 511              	.LCFI15:
 512              		.cfi_def_cfa_offset 4
 513              		.cfi_offset 14, -4
 514 0002 87B0     		sub	sp, sp, #28
 515              	.LCFI16:
 516              		.cfi_def_cfa_offset 32
 239:Core/Src/stm32f4xx_hal_msp.c ****   GPIO_InitTypeDef GPIO_InitStruct = {0};
 517              		.loc 1 239 3 is_stmt 1 view .LVU109
 518              		.loc 1 239 20 is_stmt 0 view .LVU110
 519 0004 0023     		movs	r3, #0
 520 0006 0193     		str	r3, [sp, #4]
 521 0008 0293     		str	r3, [sp, #8]
 522 000a 0393     		str	r3, [sp, #12]
 523 000c 0493     		str	r3, [sp, #16]
 524 000e 0593     		str	r3, [sp, #20]
 240:Core/Src/stm32f4xx_hal_msp.c ****   if(htim->Instance==TIM2)
ARM GAS  C:\Users\oleku\AppData\Local\Temp\ccYmNsLi.s 			page 15


 525              		.loc 1 240 3 is_stmt 1 view .LVU111
 526              		.loc 1 240 10 is_stmt 0 view .LVU112
 527 0010 0368     		ldr	r3, [r0]
 528              		.loc 1 240 5 view .LVU113
 529 0012 B3F1804F 		cmp	r3, #1073741824
 530 0016 02D0     		beq	.L44
 531              	.LVL22:
 532              	.L41:
 241:Core/Src/stm32f4xx_hal_msp.c ****   {
 242:Core/Src/stm32f4xx_hal_msp.c ****     /* USER CODE BEGIN TIM2_MspPostInit 0 */
 243:Core/Src/stm32f4xx_hal_msp.c **** 
 244:Core/Src/stm32f4xx_hal_msp.c ****     /* USER CODE END TIM2_MspPostInit 0 */
 245:Core/Src/stm32f4xx_hal_msp.c **** 
 246:Core/Src/stm32f4xx_hal_msp.c ****     __HAL_RCC_GPIOA_CLK_ENABLE();
 247:Core/Src/stm32f4xx_hal_msp.c ****     /**TIM2 GPIO Configuration
 248:Core/Src/stm32f4xx_hal_msp.c ****     PA2     ------> TIM2_CH3
 249:Core/Src/stm32f4xx_hal_msp.c ****     */
 250:Core/Src/stm32f4xx_hal_msp.c ****     GPIO_InitStruct.Pin = GPIO_PIN_2;
 251:Core/Src/stm32f4xx_hal_msp.c ****     GPIO_InitStruct.Mode = GPIO_MODE_AF_OD;
 252:Core/Src/stm32f4xx_hal_msp.c ****     GPIO_InitStruct.Pull = GPIO_NOPULL;
 253:Core/Src/stm32f4xx_hal_msp.c ****     GPIO_InitStruct.Speed = GPIO_SPEED_FREQ_LOW;
 254:Core/Src/stm32f4xx_hal_msp.c ****     GPIO_InitStruct.Alternate = GPIO_AF1_TIM2;
 255:Core/Src/stm32f4xx_hal_msp.c ****     HAL_GPIO_Init(GPIOA, &GPIO_InitStruct);
 256:Core/Src/stm32f4xx_hal_msp.c **** 
 257:Core/Src/stm32f4xx_hal_msp.c ****     /* USER CODE BEGIN TIM2_MspPostInit 1 */
 258:Core/Src/stm32f4xx_hal_msp.c **** 
 259:Core/Src/stm32f4xx_hal_msp.c ****     /* USER CODE END TIM2_MspPostInit 1 */
 260:Core/Src/stm32f4xx_hal_msp.c ****   }
 261:Core/Src/stm32f4xx_hal_msp.c **** 
 262:Core/Src/stm32f4xx_hal_msp.c **** }
 533              		.loc 1 262 1 view .LVU114
 534 0018 07B0     		add	sp, sp, #28
 535              	.LCFI17:
 536              		.cfi_remember_state
 537              		.cfi_def_cfa_offset 4
 538              		@ sp needed
 539 001a 5DF804FB 		ldr	pc, [sp], #4
 540              	.LVL23:
 541              	.L44:
 542              	.LCFI18:
 543              		.cfi_restore_state
 246:Core/Src/stm32f4xx_hal_msp.c ****     /**TIM2 GPIO Configuration
 544              		.loc 1 246 5 is_stmt 1 view .LVU115
 545              	.LBB9:
 246:Core/Src/stm32f4xx_hal_msp.c ****     /**TIM2 GPIO Configuration
 546              		.loc 1 246 5 view .LVU116
 547 001e 0023     		movs	r3, #0
 548 0020 0093     		str	r3, [sp]
 246:Core/Src/stm32f4xx_hal_msp.c ****     /**TIM2 GPIO Configuration
 549              		.loc 1 246 5 view .LVU117
 550 0022 0A4B     		ldr	r3, .L45
 551 0024 1A6B     		ldr	r2, [r3, #48]
 552 0026 42F00102 		orr	r2, r2, #1
 553 002a 1A63     		str	r2, [r3, #48]
 246:Core/Src/stm32f4xx_hal_msp.c ****     /**TIM2 GPIO Configuration
 554              		.loc 1 246 5 view .LVU118
 555 002c 1B6B     		ldr	r3, [r3, #48]
ARM GAS  C:\Users\oleku\AppData\Local\Temp\ccYmNsLi.s 			page 16


 556 002e 03F00103 		and	r3, r3, #1
 557 0032 0093     		str	r3, [sp]
 246:Core/Src/stm32f4xx_hal_msp.c ****     /**TIM2 GPIO Configuration
 558              		.loc 1 246 5 view .LVU119
 559 0034 009B     		ldr	r3, [sp]
 560              	.LBE9:
 246:Core/Src/stm32f4xx_hal_msp.c ****     /**TIM2 GPIO Configuration
 561              		.loc 1 246 5 view .LVU120
 250:Core/Src/stm32f4xx_hal_msp.c ****     GPIO_InitStruct.Mode = GPIO_MODE_AF_OD;
 562              		.loc 1 250 5 view .LVU121
 250:Core/Src/stm32f4xx_hal_msp.c ****     GPIO_InitStruct.Mode = GPIO_MODE_AF_OD;
 563              		.loc 1 250 25 is_stmt 0 view .LVU122
 564 0036 0423     		movs	r3, #4
 565 0038 0193     		str	r3, [sp, #4]
 251:Core/Src/stm32f4xx_hal_msp.c ****     GPIO_InitStruct.Pull = GPIO_NOPULL;
 566              		.loc 1 251 5 is_stmt 1 view .LVU123
 251:Core/Src/stm32f4xx_hal_msp.c ****     GPIO_InitStruct.Pull = GPIO_NOPULL;
 567              		.loc 1 251 26 is_stmt 0 view .LVU124
 568 003a 1223     		movs	r3, #18
 569 003c 0293     		str	r3, [sp, #8]
 252:Core/Src/stm32f4xx_hal_msp.c ****     GPIO_InitStruct.Speed = GPIO_SPEED_FREQ_LOW;
 570              		.loc 1 252 5 is_stmt 1 view .LVU125
 253:Core/Src/stm32f4xx_hal_msp.c ****     GPIO_InitStruct.Alternate = GPIO_AF1_TIM2;
 571              		.loc 1 253 5 view .LVU126
 254:Core/Src/stm32f4xx_hal_msp.c ****     HAL_GPIO_Init(GPIOA, &GPIO_InitStruct);
 572              		.loc 1 254 5 view .LVU127
 254:Core/Src/stm32f4xx_hal_msp.c ****     HAL_GPIO_Init(GPIOA, &GPIO_InitStruct);
 573              		.loc 1 254 31 is_stmt 0 view .LVU128
 574 003e 0123     		movs	r3, #1
 575 0040 0593     		str	r3, [sp, #20]
 255:Core/Src/stm32f4xx_hal_msp.c **** 
 576              		.loc 1 255 5 is_stmt 1 view .LVU129
 577 0042 01A9     		add	r1, sp, #4
 578 0044 0248     		ldr	r0, .L45+4
 579              	.LVL24:
 255:Core/Src/stm32f4xx_hal_msp.c **** 
 580              		.loc 1 255 5 is_stmt 0 view .LVU130
 581 0046 FFF7FEFF 		bl	HAL_GPIO_Init
 582              	.LVL25:
 583              		.loc 1 262 1 view .LVU131
 584 004a E5E7     		b	.L41
 585              	.L46:
 586              		.align	2
 587              	.L45:
 588 004c 00380240 		.word	1073887232
 589 0050 00000240 		.word	1073872896
 590              		.cfi_endproc
 591              	.LFE230:
 593              		.section	.text.HAL_TIM_Base_MspDeInit,"ax",%progbits
 594              		.align	1
 595              		.global	HAL_TIM_Base_MspDeInit
 596              		.syntax unified
 597              		.thumb
 598              		.thumb_func
 600              	HAL_TIM_Base_MspDeInit:
 601              	.LVL26:
 602              	.LFB231:
ARM GAS  C:\Users\oleku\AppData\Local\Temp\ccYmNsLi.s 			page 17


 263:Core/Src/stm32f4xx_hal_msp.c **** /**
 264:Core/Src/stm32f4xx_hal_msp.c ****   * @brief TIM_Base MSP De-Initialization
 265:Core/Src/stm32f4xx_hal_msp.c ****   * This function freeze the hardware resources used in this example
 266:Core/Src/stm32f4xx_hal_msp.c ****   * @param htim_base: TIM_Base handle pointer
 267:Core/Src/stm32f4xx_hal_msp.c ****   * @retval None
 268:Core/Src/stm32f4xx_hal_msp.c ****   */
 269:Core/Src/stm32f4xx_hal_msp.c **** void HAL_TIM_Base_MspDeInit(TIM_HandleTypeDef* htim_base)
 270:Core/Src/stm32f4xx_hal_msp.c **** {
 603              		.loc 1 270 1 is_stmt 1 view -0
 604              		.cfi_startproc
 605              		@ args = 0, pretend = 0, frame = 0
 606              		@ frame_needed = 0, uses_anonymous_args = 0
 607              		@ link register save eliminated.
 271:Core/Src/stm32f4xx_hal_msp.c ****   if(htim_base->Instance==TIM2)
 608              		.loc 1 271 3 view .LVU133
 609              		.loc 1 271 15 is_stmt 0 view .LVU134
 610 0000 0368     		ldr	r3, [r0]
 611              		.loc 1 271 5 view .LVU135
 612 0002 B3F1804F 		cmp	r3, #1073741824
 613 0006 00D0     		beq	.L49
 614              	.L47:
 272:Core/Src/stm32f4xx_hal_msp.c ****   {
 273:Core/Src/stm32f4xx_hal_msp.c ****     /* USER CODE BEGIN TIM2_MspDeInit 0 */
 274:Core/Src/stm32f4xx_hal_msp.c **** 
 275:Core/Src/stm32f4xx_hal_msp.c ****     /* USER CODE END TIM2_MspDeInit 0 */
 276:Core/Src/stm32f4xx_hal_msp.c ****     /* Peripheral clock disable */
 277:Core/Src/stm32f4xx_hal_msp.c ****     __HAL_RCC_TIM2_CLK_DISABLE();
 278:Core/Src/stm32f4xx_hal_msp.c ****     /* USER CODE BEGIN TIM2_MspDeInit 1 */
 279:Core/Src/stm32f4xx_hal_msp.c **** 
 280:Core/Src/stm32f4xx_hal_msp.c ****     /* USER CODE END TIM2_MspDeInit 1 */
 281:Core/Src/stm32f4xx_hal_msp.c ****   }
 282:Core/Src/stm32f4xx_hal_msp.c **** 
 283:Core/Src/stm32f4xx_hal_msp.c **** }
 615              		.loc 1 283 1 view .LVU136
 616 0008 7047     		bx	lr
 617              	.L49:
 277:Core/Src/stm32f4xx_hal_msp.c ****     /* USER CODE BEGIN TIM2_MspDeInit 1 */
 618              		.loc 1 277 5 is_stmt 1 view .LVU137
 619 000a 034A     		ldr	r2, .L50
 620 000c 136C     		ldr	r3, [r2, #64]
 621 000e 23F00103 		bic	r3, r3, #1
 622 0012 1364     		str	r3, [r2, #64]
 623              		.loc 1 283 1 is_stmt 0 view .LVU138
 624 0014 F8E7     		b	.L47
 625              	.L51:
 626 0016 00BF     		.align	2
 627              	.L50:
 628 0018 00380240 		.word	1073887232
 629              		.cfi_endproc
 630              	.LFE231:
 632              		.text
 633              	.Letext0:
 634              		.file 2 "Drivers/CMSIS/Device/ST/STM32F4xx/Include/stm32f401xc.h"
 635              		.file 3 "c:/Program Files/ARMtoolchain/arm-none-eabi/include/machine/_default_types.h"
 636              		.file 4 "c:/Program Files/ARMtoolchain/arm-none-eabi/include/sys/_stdint.h"
 637              		.file 5 "Drivers/CMSIS/Device/ST/STM32F4xx/Include/stm32f4xx.h"
 638              		.file 6 "Drivers/STM32F4xx_HAL_Driver/Inc/stm32f4xx_hal_def.h"
ARM GAS  C:\Users\oleku\AppData\Local\Temp\ccYmNsLi.s 			page 18


 639              		.file 7 "Drivers/STM32F4xx_HAL_Driver/Inc/stm32f4xx_hal_gpio.h"
 640              		.file 8 "Drivers/STM32F4xx_HAL_Driver/Inc/stm32f4xx_hal_dma.h"
 641              		.file 9 "Drivers/STM32F4xx_HAL_Driver/Inc/stm32f4xx_hal_adc.h"
 642              		.file 10 "Drivers/STM32F4xx_HAL_Driver/Inc/stm32f4xx_hal_i2c.h"
 643              		.file 11 "Drivers/STM32F4xx_HAL_Driver/Inc/stm32f4xx_hal_tim.h"
 644              		.file 12 "Drivers/STM32F4xx_HAL_Driver/Inc/stm32f4xx_hal_cortex.h"
ARM GAS  C:\Users\oleku\AppData\Local\Temp\ccYmNsLi.s 			page 19


DEFINED SYMBOLS
                            *ABS*:00000000 stm32f4xx_hal_msp.c
C:\Users\oleku\AppData\Local\Temp\ccYmNsLi.s:21     .text.HAL_MspInit:00000000 $t
C:\Users\oleku\AppData\Local\Temp\ccYmNsLi.s:27     .text.HAL_MspInit:00000000 HAL_MspInit
C:\Users\oleku\AppData\Local\Temp\ccYmNsLi.s:88     .text.HAL_MspInit:00000040 $d
C:\Users\oleku\AppData\Local\Temp\ccYmNsLi.s:93     .text.HAL_ADC_MspInit:00000000 $t
C:\Users\oleku\AppData\Local\Temp\ccYmNsLi.s:99     .text.HAL_ADC_MspInit:00000000 HAL_ADC_MspInit
C:\Users\oleku\AppData\Local\Temp\ccYmNsLi.s:198    .text.HAL_ADC_MspInit:00000064 $d
C:\Users\oleku\AppData\Local\Temp\ccYmNsLi.s:203    .text.HAL_ADC_MspDeInit:00000000 $t
C:\Users\oleku\AppData\Local\Temp\ccYmNsLi.s:209    .text.HAL_ADC_MspDeInit:00000000 HAL_ADC_MspDeInit
C:\Users\oleku\AppData\Local\Temp\ccYmNsLi.s:252    .text.HAL_ADC_MspDeInit:00000020 $d
C:\Users\oleku\AppData\Local\Temp\ccYmNsLi.s:259    .text.HAL_I2C_MspInit:00000000 $t
C:\Users\oleku\AppData\Local\Temp\ccYmNsLi.s:265    .text.HAL_I2C_MspInit:00000000 HAL_I2C_MspInit
C:\Users\oleku\AppData\Local\Temp\ccYmNsLi.s:373    .text.HAL_I2C_MspInit:00000064 $d
C:\Users\oleku\AppData\Local\Temp\ccYmNsLi.s:380    .text.HAL_I2C_MspDeInit:00000000 $t
C:\Users\oleku\AppData\Local\Temp\ccYmNsLi.s:386    .text.HAL_I2C_MspDeInit:00000000 HAL_I2C_MspDeInit
C:\Users\oleku\AppData\Local\Temp\ccYmNsLi.s:431    .text.HAL_I2C_MspDeInit:0000002c $d
C:\Users\oleku\AppData\Local\Temp\ccYmNsLi.s:438    .text.HAL_TIM_Base_MspInit:00000000 $t
C:\Users\oleku\AppData\Local\Temp\ccYmNsLi.s:444    .text.HAL_TIM_Base_MspInit:00000000 HAL_TIM_Base_MspInit
C:\Users\oleku\AppData\Local\Temp\ccYmNsLi.s:491    .text.HAL_TIM_Base_MspInit:00000028 $d
C:\Users\oleku\AppData\Local\Temp\ccYmNsLi.s:496    .text.HAL_TIM_MspPostInit:00000000 $t
C:\Users\oleku\AppData\Local\Temp\ccYmNsLi.s:502    .text.HAL_TIM_MspPostInit:00000000 HAL_TIM_MspPostInit
C:\Users\oleku\AppData\Local\Temp\ccYmNsLi.s:588    .text.HAL_TIM_MspPostInit:0000004c $d
C:\Users\oleku\AppData\Local\Temp\ccYmNsLi.s:594    .text.HAL_TIM_Base_MspDeInit:00000000 $t
C:\Users\oleku\AppData\Local\Temp\ccYmNsLi.s:600    .text.HAL_TIM_Base_MspDeInit:00000000 HAL_TIM_Base_MspDeInit
C:\Users\oleku\AppData\Local\Temp\ccYmNsLi.s:628    .text.HAL_TIM_Base_MspDeInit:00000018 $d

UNDEFINED SYMBOLS
HAL_NVIC_SetPriority
HAL_GPIO_Init
HAL_GPIO_DeInit
